[NbConvertApp] Converting notebook cv_conv_model_lev_0_kfold_4.ipynb to notebook
2023-02-24 14:08:49.647150: I tensorflow/core/platform/cpu_feature_guard.cc:193] This TensorFlow binary is optimized with oneAPI Deep Neural Network Library (oneDNN) to use the following CPU instructions in performance-critical operations:  SSE4.1 SSE4.2 AVX AVX2 FMA
To enable them in other operations, rebuild TensorFlow with the appropriate compiler flags.
2023-02-24 14:08:58.986314: I tensorflow/core/platform/cpu_feature_guard.cc:193] This TensorFlow binary is optimized with oneAPI Deep Neural Network Library (oneDNN) to use the following CPU instructions in performance-critical operations:  SSE4.1 SSE4.2 AVX AVX2 FMA
To enable them in other operations, rebuild TensorFlow with the appropriate compiler flags.
2023-02-24 14:08:59.011251: I tensorflow/core/common_runtime/process_util.cc:146] Creating new thread pool with default inter op setting: 2. Tune using inter_op_parallelism_threads for best performance.
2023-02-24 14:08:59.027722: I tensorflow/compiler/mlir/mlir_graph_optimization_pass.cc:354] MLIR V1 optimization pass is not enabled
2023-02-24 14:09:00.682552: I tensorflow/core/profiler/lib/profiler_session.cc:101] Profiler session initializing.
2023-02-24 14:09:00.682599: I tensorflow/core/profiler/lib/profiler_session.cc:116] Profiler session started.
2023-02-24 14:09:01.641247: I tensorflow/core/profiler/lib/profiler_session.cc:67] Profiler session collecting data.
2023-02-24 14:09:01.643569: I tensorflow/core/profiler/lib/profiler_session.cc:128] Profiler session tear down.
2023-02-24 14:09:01.661783: I tensorflow/core/profiler/rpc/client/save_profile.cc:136] Creating directory: /work/uo1075/u301101/Doktorarbeit/CNN/models/cv/24_02_2023_14_00_52/conv_level_0_kfold_4_date_24_02_2023_14_00_52/logs/conv_level_0_kfold_4_date_24_02_2023_14_00_52/plugins/profile/2023_02_24_14_09_01

2023-02-24 14:09:01.665642: I tensorflow/core/profiler/rpc/client/save_profile.cc:142] Dumped gzipped tool data for trace.json.gz to /work/uo1075/u301101/Doktorarbeit/CNN/models/cv/24_02_2023_14_00_52/conv_level_0_kfold_4_date_24_02_2023_14_00_52/logs/conv_level_0_kfold_4_date_24_02_2023_14_00_52/plugins/profile/2023_02_24_14_09_01/l10555.lvt.dkrz.de.trace.json.gz
2023-02-24 14:09:01.674631: I tensorflow/core/profiler/rpc/client/save_profile.cc:136] Creating directory: /work/uo1075/u301101/Doktorarbeit/CNN/models/cv/24_02_2023_14_00_52/conv_level_0_kfold_4_date_24_02_2023_14_00_52/logs/conv_level_0_kfold_4_date_24_02_2023_14_00_52/plugins/profile/2023_02_24_14_09_01

2023-02-24 14:09:01.676983: I tensorflow/core/profiler/rpc/client/save_profile.cc:142] Dumped gzipped tool data for memory_profile.json.gz to /work/uo1075/u301101/Doktorarbeit/CNN/models/cv/24_02_2023_14_00_52/conv_level_0_kfold_4_date_24_02_2023_14_00_52/logs/conv_level_0_kfold_4_date_24_02_2023_14_00_52/plugins/profile/2023_02_24_14_09_01/l10555.lvt.dkrz.de.memory_profile.json.gz
2023-02-24 14:09:01.684686: I tensorflow/core/profiler/rpc/client/capture_profile.cc:251] Creating directory: /work/uo1075/u301101/Doktorarbeit/CNN/models/cv/24_02_2023_14_00_52/conv_level_0_kfold_4_date_24_02_2023_14_00_52/logs/conv_level_0_kfold_4_date_24_02_2023_14_00_52/plugins/profile/2023_02_24_14_09_01
Dumped tool data for xplane.pb to /work/uo1075/u301101/Doktorarbeit/CNN/models/cv/24_02_2023_14_00_52/conv_level_0_kfold_4_date_24_02_2023_14_00_52/logs/conv_level_0_kfold_4_date_24_02_2023_14_00_52/plugins/profile/2023_02_24_14_09_01/l10555.lvt.dkrz.de.xplane.pb
Dumped tool data for overview_page.pb to /work/uo1075/u301101/Doktorarbeit/CNN/models/cv/24_02_2023_14_00_52/conv_level_0_kfold_4_date_24_02_2023_14_00_52/logs/conv_level_0_kfold_4_date_24_02_2023_14_00_52/plugins/profile/2023_02_24_14_09_01/l10555.lvt.dkrz.de.overview_page.pb
Dumped tool data for input_pipeline.pb to /work/uo1075/u301101/Doktorarbeit/CNN/models/cv/24_02_2023_14_00_52/conv_level_0_kfold_4_date_24_02_2023_14_00_52/logs/conv_level_0_kfold_4_date_24_02_2023_14_00_52/plugins/profile/2023_02_24_14_09_01/l10555.lvt.dkrz.de.input_pipeline.pb
Dumped tool data for tensorflow_stats.pb to /work/uo1075/u301101/Doktorarbeit/CNN/models/cv/24_02_2023_14_00_52/conv_level_0_kfold_4_date_24_02_2023_14_00_52/logs/conv_level_0_kfold_4_date_24_02_2023_14_00_52/plugins/profile/2023_02_24_14_09_01/l10555.lvt.dkrz.de.tensorflow_stats.pb
Dumped tool data for kernel_stats.pb to /work/uo1075/u301101/Doktorarbeit/CNN/models/cv/24_02_2023_14_00_52/conv_level_0_kfold_4_date_24_02_2023_14_00_52/logs/conv_level_0_kfold_4_date_24_02_2023_14_00_52/plugins/profile/2023_02_24_14_09_01/l10555.lvt.dkrz.de.kernel_stats.pb

[NbConvertApp] Writing 135988 bytes to cv_conv_model_lev_0_kfold_4.nbconvert.ipynb
