[NbConvertApp] Converting notebook cv_conv_model_lev_0_kfold_0.ipynb to notebook
2023-02-22 16:35:59.608640: I tensorflow/core/platform/cpu_feature_guard.cc:193] This TensorFlow binary is optimized with oneAPI Deep Neural Network Library (oneDNN) to use the following CPU instructions in performance-critical operations:  SSE4.1 SSE4.2 AVX AVX2 FMA
To enable them in other operations, rebuild TensorFlow with the appropriate compiler flags.
2023-02-22 16:37:28.662044: I tensorflow/core/platform/cpu_feature_guard.cc:193] This TensorFlow binary is optimized with oneAPI Deep Neural Network Library (oneDNN) to use the following CPU instructions in performance-critical operations:  SSE4.1 SSE4.2 AVX AVX2 FMA
To enable them in other operations, rebuild TensorFlow with the appropriate compiler flags.
2023-02-22 16:37:28.695774: I tensorflow/core/common_runtime/process_util.cc:146] Creating new thread pool with default inter op setting: 2. Tune using inter_op_parallelism_threads for best performance.
2023-02-22 16:37:28.740952: I tensorflow/compiler/mlir/mlir_graph_optimization_pass.cc:354] MLIR V1 optimization pass is not enabled
2023-02-22 16:37:30.549590: I tensorflow/core/profiler/lib/profiler_session.cc:101] Profiler session initializing.
2023-02-22 16:37:30.549642: I tensorflow/core/profiler/lib/profiler_session.cc:116] Profiler session started.
2023-02-22 16:37:31.103648: I tensorflow/core/profiler/lib/profiler_session.cc:67] Profiler session collecting data.
2023-02-22 16:37:31.105403: I tensorflow/core/profiler/lib/profiler_session.cc:128] Profiler session tear down.
2023-02-22 16:37:31.160866: I tensorflow/core/profiler/rpc/client/save_profile.cc:136] Creating directory: /work/uo1075/u301101/Doktorarbeit/CNN/models/cv/22_02_2023_16_24_23/conv_level_0_kfold_0_date_22_02_2023_16_24_23/logs/conv_level_0_kfold_0_date_22_02_2023_16_24_23/plugins/profile/2023_02_22_16_37_31

2023-02-22 16:37:31.168762: I tensorflow/core/profiler/rpc/client/save_profile.cc:142] Dumped gzipped tool data for trace.json.gz to /work/uo1075/u301101/Doktorarbeit/CNN/models/cv/22_02_2023_16_24_23/conv_level_0_kfold_0_date_22_02_2023_16_24_23/logs/conv_level_0_kfold_0_date_22_02_2023_16_24_23/plugins/profile/2023_02_22_16_37_31/l20529.lvt.dkrz.de.trace.json.gz
2023-02-22 16:37:31.173966: I tensorflow/core/profiler/rpc/client/save_profile.cc:136] Creating directory: /work/uo1075/u301101/Doktorarbeit/CNN/models/cv/22_02_2023_16_24_23/conv_level_0_kfold_0_date_22_02_2023_16_24_23/logs/conv_level_0_kfold_0_date_22_02_2023_16_24_23/plugins/profile/2023_02_22_16_37_31

2023-02-22 16:37:31.175702: I tensorflow/core/profiler/rpc/client/save_profile.cc:142] Dumped gzipped tool data for memory_profile.json.gz to /work/uo1075/u301101/Doktorarbeit/CNN/models/cv/22_02_2023_16_24_23/conv_level_0_kfold_0_date_22_02_2023_16_24_23/logs/conv_level_0_kfold_0_date_22_02_2023_16_24_23/plugins/profile/2023_02_22_16_37_31/l20529.lvt.dkrz.de.memory_profile.json.gz
2023-02-22 16:37:31.256584: I tensorflow/core/profiler/rpc/client/capture_profile.cc:251] Creating directory: /work/uo1075/u301101/Doktorarbeit/CNN/models/cv/22_02_2023_16_24_23/conv_level_0_kfold_0_date_22_02_2023_16_24_23/logs/conv_level_0_kfold_0_date_22_02_2023_16_24_23/plugins/profile/2023_02_22_16_37_31
Dumped tool data for xplane.pb to /work/uo1075/u301101/Doktorarbeit/CNN/models/cv/22_02_2023_16_24_23/conv_level_0_kfold_0_date_22_02_2023_16_24_23/logs/conv_level_0_kfold_0_date_22_02_2023_16_24_23/plugins/profile/2023_02_22_16_37_31/l20529.lvt.dkrz.de.xplane.pb
Dumped tool data for overview_page.pb to /work/uo1075/u301101/Doktorarbeit/CNN/models/cv/22_02_2023_16_24_23/conv_level_0_kfold_0_date_22_02_2023_16_24_23/logs/conv_level_0_kfold_0_date_22_02_2023_16_24_23/plugins/profile/2023_02_22_16_37_31/l20529.lvt.dkrz.de.overview_page.pb
Dumped tool data for input_pipeline.pb to /work/uo1075/u301101/Doktorarbeit/CNN/models/cv/22_02_2023_16_24_23/conv_level_0_kfold_0_date_22_02_2023_16_24_23/logs/conv_level_0_kfold_0_date_22_02_2023_16_24_23/plugins/profile/2023_02_22_16_37_31/l20529.lvt.dkrz.de.input_pipeline.pb
Dumped tool data for tensorflow_stats.pb to /work/uo1075/u301101/Doktorarbeit/CNN/models/cv/22_02_2023_16_24_23/conv_level_0_kfold_0_date_22_02_2023_16_24_23/logs/conv_level_0_kfold_0_date_22_02_2023_16_24_23/plugins/profile/2023_02_22_16_37_31/l20529.lvt.dkrz.de.tensorflow_stats.pb
Dumped tool data for kernel_stats.pb to /work/uo1075/u301101/Doktorarbeit/CNN/models/cv/22_02_2023_16_24_23/conv_level_0_kfold_0_date_22_02_2023_16_24_23/logs/conv_level_0_kfold_0_date_22_02_2023_16_24_23/plugins/profile/2023_02_22_16_37_31/l20529.lvt.dkrz.de.kernel_stats.pb

slurmstepd: error: *** JOB 3915942 ON l20529 CANCELLED AT 2023-02-23T00:35:47 DUE TO TIME LIMIT ***
